<?xml version="1.0" encoding="UTF-8"?>
<!-- Generated by org.testng.reporters.JUnitXMLReporter -->
<testsuite ignored="0" hostname="LAPTOP-KRIHA28G" failures="0" tests="6" name="Default test" time="0.204" errors="0" timestamp="2022-03-01T12:06:19 IST">
  <testcase classname="com.testng.features.Priority_Concepts" name="men" time="0.028"/>
  <testcase classname="com.testng.features.Priority_Concepts" name="men" time="0.006"/>
  <testcase classname="com.testng.features.Priority_Concepts" name="men" time="0.006"/>
  <testcase classname="com.testng.features.Priority_Concepts" name="men" time="0.004"/>
  <testcase classname="com.testng.features.Priority_Concepts" name="women" time="0.003"/>
  <testcase classname="com.testng.features.Priority_Concepts" name="kids" time="0.003"/>
</testsuite> <!-- Default test -->
