<?xml version="1.0" encoding="UTF-8"?>
<testng-results ignored="0" total="6" passed="6" failed="0" skipped="0">
  <reporter-output>
  </reporter-output>
  <suite started-at="2022-03-01T12:06:19 IST" name="Default suite" finished-at="2022-03-01T12:06:19 IST" duration-ms="204">
    <groups>
    </groups>
    <test started-at="2022-03-01T12:06:19 IST" name="Default test" finished-at="2022-03-01T12:06:19 IST" duration-ms="204">
      <class name="com.testng.features.Priority_Concepts">
        <test-method signature="men()[pri:-2, instance:com.testng.features.Priority_Concepts@4602c2a9]" started-at="2022-03-01T12:06:19 IST" name="men" finished-at="2022-03-01T12:06:19 IST" duration-ms="28" status="PASS">
          <reporter-output>
          </reporter-output>
        </test-method> <!-- men -->
        <test-method signature="men()[pri:-2, instance:com.testng.features.Priority_Concepts@4602c2a9]" started-at="2022-03-01T12:06:19 IST" name="men" finished-at="2022-03-01T12:06:19 IST" duration-ms="6" status="PASS">
          <reporter-output>
          </reporter-output>
        </test-method> <!-- men -->
        <test-method signature="men()[pri:-2, instance:com.testng.features.Priority_Concepts@4602c2a9]" started-at="2022-03-01T12:06:19 IST" name="men" finished-at="2022-03-01T12:06:19 IST" duration-ms="6" status="PASS">
          <reporter-output>
          </reporter-output>
        </test-method> <!-- men -->
        <test-method signature="men()[pri:-2, instance:com.testng.features.Priority_Concepts@4602c2a9]" started-at="2022-03-01T12:06:19 IST" name="men" finished-at="2022-03-01T12:06:19 IST" duration-ms="4" status="PASS">
          <reporter-output>
          </reporter-output>
        </test-method> <!-- men -->
        <test-method signature="women()[pri:-1, instance:com.testng.features.Priority_Concepts@4602c2a9]" started-at="2022-03-01T12:06:19 IST" name="women" finished-at="2022-03-01T12:06:19 IST" duration-ms="3" status="PASS">
          <reporter-output>
          </reporter-output>
        </test-method> <!-- women -->
        <test-method signature="kids()[pri:0, instance:com.testng.features.Priority_Concepts@4602c2a9]" started-at="2022-03-01T12:06:19 IST" name="kids" finished-at="2022-03-01T12:06:19 IST" duration-ms="3" status="PASS">
          <reporter-output>
          </reporter-output>
        </test-method> <!-- kids -->
      </class> <!-- com.testng.features.Priority_Concepts -->
    </test> <!-- Default test -->
  </suite> <!-- Default suite -->
</testng-results>
